Analysis & Synthesis report for lab5_p3
Sun Oct 15 13:10:19 2023
Quartus Prime Version 20.1.1 Build 720 11/11/2020 SJ Lite Edition


---------------------
; Table of Contents ;
---------------------
  1. Legal Notice
  2. Analysis & Synthesis Summary
  3. Analysis & Synthesis Settings
  4. Parallel Compilation
  5. Analysis & Synthesis Source Files Read
  6. Analysis & Synthesis Resource Usage Summary
  7. Analysis & Synthesis Resource Utilization by Entity
  8. State Machine - |top_level|ctrl2:controller|state
  9. User-Specified and Inferred Latches
 10. General Register Statistics
 11. Multiplexer Restructuring Statistics (Restructuring Performed)
 12. Parameter Settings for User Entity Instance: Top-level Entity: |top_level
 13. Parameter Settings for User Entity Instance: datapath2:datapath
 14. Parameter Settings for User Entity Instance: datapath2:datapath|generic2x1mux:x_mux
 15. Parameter Settings for User Entity Instance: datapath2:datapath|generic2x1mux:y_mux
 16. Parameter Settings for User Entity Instance: datapath2:datapath|generic2x1mux:mux1
 17. Parameter Settings for User Entity Instance: datapath2:datapath|generic2x1mux:mux2
 18. Parameter Settings for User Entity Instance: datapath2:datapath|genericregister:x_register
 19. Parameter Settings for User Entity Instance: datapath2:datapath|genericregister:y_register
 20. Parameter Settings for User Entity Instance: datapath2:datapath|genericsubtractor:subtractor
 21. Parameter Settings for User Entity Instance: datapath2:datapath|genericcomparator:comparator
 22. Parameter Settings for User Entity Instance: datapath2:datapath|genericregister:outputreg
 23. Port Connectivity Checks: "decoder7seg:decoder2"
 24. Port Connectivity Checks: "datapath2:datapath"
 25. Post-Synthesis Netlist Statistics for Top Partition
 26. Elapsed Time Per Partition
 27. Analysis & Synthesis Messages



----------------
; Legal Notice ;
----------------
Copyright (C) 2020  Intel Corporation. All rights reserved.
Your use of Intel Corporation's design tools, logic functions 
and other software and tools, and any partner logic 
functions, and any output files from any of the foregoing 
(including device programming or simulation files), and any 
associated documentation or information are expressly subject 
to the terms and conditions of the Intel Program License 
Subscription Agreement, the Intel Quartus Prime License Agreement,
the Intel FPGA IP License Agreement, or other applicable license
agreement, including, without limitation, that your use is for
the sole purpose of programming logic devices manufactured by
Intel and sold by Intel or its authorized distributors.  Please
refer to the applicable agreement for further details, at
https://fpgasoftware.intel.com/eula.



+----------------------------------------------------------------------------------+
; Analysis & Synthesis Summary                                                     ;
+------------------------------------+---------------------------------------------+
; Analysis & Synthesis Status        ; Successful - Sun Oct 15 13:10:19 2023       ;
; Quartus Prime Version              ; 20.1.1 Build 720 11/11/2020 SJ Lite Edition ;
; Revision Name                      ; lab5_p3                                     ;
; Top-level Entity Name              ; top_level                                   ;
; Family                             ; MAX 10                                      ;
; Total logic elements               ; 90                                          ;
;     Total combinational functions  ; 81                                          ;
;     Dedicated logic registers      ; 31                                          ;
; Total registers                    ; 31                                          ;
; Total pins                         ; 34                                          ;
; Total virtual pins                 ; 0                                           ;
; Total memory bits                  ; 0                                           ;
; Embedded Multiplier 9-bit elements ; 0                                           ;
; Total PLLs                         ; 0                                           ;
; UFM blocks                         ; 0                                           ;
; ADC blocks                         ; 0                                           ;
+------------------------------------+---------------------------------------------+


+------------------------------------------------------------------------------------------------------------+
; Analysis & Synthesis Settings                                                                              ;
+------------------------------------------------------------------+--------------------+--------------------+
; Option                                                           ; Setting            ; Default Value      ;
+------------------------------------------------------------------+--------------------+--------------------+
; Device                                                           ; 10M50DAF484C6GES   ;                    ;
; Top-level entity name                                            ; top_level          ; lab5_p3            ;
; Family name                                                      ; MAX 10             ; Cyclone V          ;
; Use smart compilation                                            ; Off                ; Off                ;
; Enable parallel Assembler and Timing Analyzer during compilation ; On                 ; On                 ;
; Enable compact report table                                      ; Off                ; Off                ;
; Restructure Multiplexers                                         ; Auto               ; Auto               ;
; Create Debugging Nodes for IP Cores                              ; Off                ; Off                ;
; Preserve fewer node names                                        ; On                 ; On                 ;
; Intel FPGA IP Evaluation Mode                                    ; Enable             ; Enable             ;
; Verilog Version                                                  ; Verilog_2001       ; Verilog_2001       ;
; VHDL Version                                                     ; VHDL_1993          ; VHDL_1993          ;
; State Machine Processing                                         ; Auto               ; Auto               ;
; Safe State Machine                                               ; Off                ; Off                ;
; Extract Verilog State Machines                                   ; On                 ; On                 ;
; Extract VHDL State Machines                                      ; On                 ; On                 ;
; Ignore Verilog initial constructs                                ; Off                ; Off                ;
; Iteration limit for constant Verilog loops                       ; 5000               ; 5000               ;
; Iteration limit for non-constant Verilog loops                   ; 250                ; 250                ;
; Add Pass-Through Logic to Inferred RAMs                          ; On                 ; On                 ;
; Infer RAMs from Raw Logic                                        ; On                 ; On                 ;
; Parallel Synthesis                                               ; On                 ; On                 ;
; DSP Block Balancing                                              ; Auto               ; Auto               ;
; NOT Gate Push-Back                                               ; On                 ; On                 ;
; Power-Up Don't Care                                              ; On                 ; On                 ;
; Remove Redundant Logic Cells                                     ; Off                ; Off                ;
; Remove Duplicate Registers                                       ; On                 ; On                 ;
; Ignore CARRY Buffers                                             ; Off                ; Off                ;
; Ignore CASCADE Buffers                                           ; Off                ; Off                ;
; Ignore GLOBAL Buffers                                            ; Off                ; Off                ;
; Ignore ROW GLOBAL Buffers                                        ; Off                ; Off                ;
; Ignore LCELL Buffers                                             ; Off                ; Off                ;
; Ignore SOFT Buffers                                              ; On                 ; On                 ;
; Limit AHDL Integers to 32 Bits                                   ; Off                ; Off                ;
; Optimization Technique                                           ; Balanced           ; Balanced           ;
; Carry Chain Length                                               ; 70                 ; 70                 ;
; Auto Carry Chains                                                ; On                 ; On                 ;
; Auto Open-Drain Pins                                             ; On                 ; On                 ;
; Perform WYSIWYG Primitive Resynthesis                            ; Off                ; Off                ;
; Auto ROM Replacement                                             ; On                 ; On                 ;
; Auto RAM Replacement                                             ; On                 ; On                 ;
; Auto DSP Block Replacement                                       ; On                 ; On                 ;
; Auto Shift Register Replacement                                  ; Auto               ; Auto               ;
; Allow Shift Register Merging across Hierarchies                  ; Auto               ; Auto               ;
; Auto Clock Enable Replacement                                    ; On                 ; On                 ;
; Strict RAM Replacement                                           ; Off                ; Off                ;
; Allow Synchronous Control Signals                                ; On                 ; On                 ;
; Force Use of Synchronous Clear Signals                           ; Off                ; Off                ;
; Auto RAM Block Balancing                                         ; On                 ; On                 ;
; Auto RAM to Logic Cell Conversion                                ; Off                ; Off                ;
; Auto Resource Sharing                                            ; Off                ; Off                ;
; Allow Any RAM Size For Recognition                               ; Off                ; Off                ;
; Allow Any ROM Size For Recognition                               ; Off                ; Off                ;
; Allow Any Shift Register Size For Recognition                    ; Off                ; Off                ;
; Use LogicLock Constraints during Resource Balancing              ; On                 ; On                 ;
; Ignore translate_off and synthesis_off directives                ; Off                ; Off                ;
; Timing-Driven Synthesis                                          ; On                 ; On                 ;
; Report Parameter Settings                                        ; On                 ; On                 ;
; Report Source Assignments                                        ; On                 ; On                 ;
; Report Connectivity Checks                                       ; On                 ; On                 ;
; Ignore Maximum Fan-Out Assignments                               ; Off                ; Off                ;
; Synchronization Register Chain Length                            ; 2                  ; 2                  ;
; Power Optimization During Synthesis                              ; Normal compilation ; Normal compilation ;
; HDL message level                                                ; Level2             ; Level2             ;
; Suppress Register Optimization Related Messages                  ; Off                ; Off                ;
; Number of Removed Registers Reported in Synthesis Report         ; 5000               ; 5000               ;
; Number of Swept Nodes Reported in Synthesis Report               ; 5000               ; 5000               ;
; Number of Inverted Registers Reported in Synthesis Report        ; 100                ; 100                ;
; Clock MUX Protection                                             ; On                 ; On                 ;
; Auto Gated Clock Conversion                                      ; Off                ; Off                ;
; Block Design Naming                                              ; Auto               ; Auto               ;
; SDC constraint protection                                        ; Off                ; Off                ;
; Synthesis Effort                                                 ; Auto               ; Auto               ;
; Shift Register Replacement - Allow Asynchronous Clear Signal     ; On                 ; On                 ;
; Pre-Mapping Resynthesis Optimization                             ; Off                ; Off                ;
; Analysis & Synthesis Message Level                               ; Medium             ; Medium             ;
; Disable Register Merging Across Hierarchies                      ; Auto               ; Auto               ;
; Resource Aware Inference For Block RAM                           ; On                 ; On                 ;
+------------------------------------------------------------------+--------------------+--------------------+


+------------------------------------------+
; Parallel Compilation                     ;
+----------------------------+-------------+
; Processors                 ; Number      ;
+----------------------------+-------------+
; Number detected on machine ; 8           ;
; Maximum allowed            ; 4           ;
;                            ;             ;
; Average used               ; 1.00        ;
; Maximum used               ; 4           ;
;                            ;             ;
; Usage by Processor         ; % Time Used ;
;     Processor 1            ; 100.0%      ;
;     Processor 2            ;   0.0%      ;
;     Processors 3-4         ;   0.0%      ;
+----------------------------+-------------+


+--------------------------------------------------------------------------------------------------------------------------------------------------------------------------------+
; Analysis & Synthesis Source Files Read                                                                                                                                         ;
+--------------------------------------------+-----------------+-----------------+-------------------------------------------------------------------------------------+---------+
; File Name with User-Entered Path           ; Used in Netlist ; File Type       ; File Name with Absolute Path                                                        ; Library ;
+--------------------------------------------+-----------------+-----------------+-------------------------------------------------------------------------------------+---------+
; decoder.vhd                                ; yes             ; User VHDL File  ; C:/Users/steve/source/eel4712/lab5/83190817/p3/decoder.vhd                          ;         ;
; ctrl2.vhd                                  ; yes             ; User VHDL File  ; C:/Users/steve/source/eel4712/lab5/83190817/p3/ctrl2.vhd                            ;         ;
; datapath2.vhd                              ; yes             ; User VHDL File  ; C:/Users/steve/source/eel4712/lab5/83190817/p3/datapath2.vhd                        ;         ;
; ../genericcomponents/genericsubtractor.vhd ; yes             ; User VHDL File  ; C:/Users/steve/source/eel4712/lab5/83190817/genericcomponents/genericsubtractor.vhd ;         ;
; ../genericcomponents/genericregister.vhd   ; yes             ; User VHDL File  ; C:/Users/steve/source/eel4712/lab5/83190817/genericcomponents/genericregister.vhd   ;         ;
; ../genericcomponents/genericcomparator.vhd ; yes             ; User VHDL File  ; C:/Users/steve/source/eel4712/lab5/83190817/genericcomponents/genericcomparator.vhd ;         ;
; ../genericcomponents/generic2x1mux.vhd     ; yes             ; User VHDL File  ; C:/Users/steve/source/eel4712/lab5/83190817/genericcomponents/generic2x1mux.vhd     ;         ;
; top_level.vhd                              ; yes             ; User VHDL File  ; C:/Users/steve/source/eel4712/lab5/83190817/p3/top_level.vhd                        ;         ;
+--------------------------------------------+-----------------+-----------------+-------------------------------------------------------------------------------------+---------+


+---------------------------------------------------------+
; Analysis & Synthesis Resource Usage Summary             ;
+---------------------------------------------+-----------+
; Resource                                    ; Usage     ;
+---------------------------------------------+-----------+
; Estimated Total logic elements              ; 90        ;
;                                             ;           ;
; Total combinational functions               ; 81        ;
; Logic element usage by number of LUT inputs ;           ;
;     -- 4 input functions                    ; 16        ;
;     -- 3 input functions                    ; 50        ;
;     -- <=2 input functions                  ; 15        ;
;                                             ;           ;
; Logic elements by mode                      ;           ;
;     -- normal mode                          ; 60        ;
;     -- arithmetic mode                      ; 21        ;
;                                             ;           ;
; Total registers                             ; 31        ;
;     -- Dedicated logic registers            ; 31        ;
;     -- I/O registers                        ; 0         ;
;                                             ;           ;
; I/O pins                                    ; 34        ;
;                                             ;           ;
; Embedded Multiplier 9-bit elements          ; 0         ;
;                                             ;           ;
; Maximum fan-out node                        ; clk~input ;
; Maximum fan-out                             ; 31        ;
; Total fan-out                               ; 409       ;
; Average fan-out                             ; 2.27      ;
+---------------------------------------------+-----------+


+-------------------------------------------------------------------------------------------------------------------------------------------------------------------------------------------------------------------------------------------------------------------------------------------+
; Analysis & Synthesis Resource Utilization by Entity                                                                                                                                                                                                                                       ;
+--------------------------------------+---------------------+---------------------------+-------------+------------+--------------+---------+-----------+------+--------------+------------+------------------------------------------------------------+-------------------+--------------+
; Compilation Hierarchy Node           ; Combinational ALUTs ; Dedicated Logic Registers ; Memory Bits ; UFM Blocks ; DSP Elements ; DSP 9x9 ; DSP 18x18 ; Pins ; Virtual Pins ; ADC blocks ; Full Hierarchy Name                                        ; Entity Name       ; Library Name ;
+--------------------------------------+---------------------+---------------------------+-------------+------------+--------------+---------+-----------+------+--------------+------------+------------------------------------------------------------+-------------------+--------------+
; |top_level                           ; 81 (0)              ; 31 (0)                    ; 0           ; 0          ; 0            ; 0       ; 0         ; 34   ; 0            ; 0          ; |top_level                                                 ; top_level         ; work         ;
;    |ctrl2:controller|                ; 11 (11)             ; 7 (7)                     ; 0           ; 0          ; 0            ; 0       ; 0         ; 0    ; 0            ; 0          ; |top_level|ctrl2:controller                                ; ctrl2             ; work         ;
;    |datapath2:datapath|              ; 56 (0)              ; 24 (0)                    ; 0           ; 0          ; 0            ; 0       ; 0         ; 0    ; 0            ; 0          ; |top_level|datapath2:datapath                              ; datapath2         ; work         ;
;       |generic2x1mux:mux1|           ; 8 (8)               ; 0 (0)                     ; 0           ; 0          ; 0            ; 0       ; 0         ; 0    ; 0            ; 0          ; |top_level|datapath2:datapath|generic2x1mux:mux1           ; generic2x1mux     ; work         ;
;       |generic2x1mux:mux2|           ; 8 (8)               ; 0 (0)                     ; 0           ; 0          ; 0            ; 0       ; 0         ; 0    ; 0            ; 0          ; |top_level|datapath2:datapath|generic2x1mux:mux2           ; generic2x1mux     ; work         ;
;       |generic2x1mux:x_mux|          ; 8 (8)               ; 0 (0)                     ; 0           ; 0          ; 0            ; 0       ; 0         ; 0    ; 0            ; 0          ; |top_level|datapath2:datapath|generic2x1mux:x_mux          ; generic2x1mux     ; work         ;
;       |generic2x1mux:y_mux|          ; 8 (8)               ; 0 (0)                     ; 0           ; 0          ; 0            ; 0       ; 0         ; 0    ; 0            ; 0          ; |top_level|datapath2:datapath|generic2x1mux:y_mux          ; generic2x1mux     ; work         ;
;       |genericcomparator:comparator| ; 16 (16)             ; 0 (0)                     ; 0           ; 0          ; 0            ; 0       ; 0         ; 0    ; 0            ; 0          ; |top_level|datapath2:datapath|genericcomparator:comparator ; genericcomparator ; work         ;
;       |genericregister:outputreg|    ; 0 (0)               ; 8 (8)                     ; 0           ; 0          ; 0            ; 0       ; 0         ; 0    ; 0            ; 0          ; |top_level|datapath2:datapath|genericregister:outputreg    ; genericregister   ; work         ;
;       |genericregister:x_register|   ; 0 (0)               ; 8 (8)                     ; 0           ; 0          ; 0            ; 0       ; 0         ; 0    ; 0            ; 0          ; |top_level|datapath2:datapath|genericregister:x_register   ; genericregister   ; work         ;
;       |genericregister:y_register|   ; 0 (0)               ; 8 (8)                     ; 0           ; 0          ; 0            ; 0       ; 0         ; 0    ; 0            ; 0          ; |top_level|datapath2:datapath|genericregister:y_register   ; genericregister   ; work         ;
;       |genericsubtractor:subtractor| ; 8 (8)               ; 0 (0)                     ; 0           ; 0          ; 0            ; 0       ; 0         ; 0    ; 0            ; 0          ; |top_level|datapath2:datapath|genericsubtractor:subtractor ; genericsubtractor ; work         ;
;    |decoder7seg:decoder1|            ; 7 (7)               ; 0 (0)                     ; 0           ; 0          ; 0            ; 0       ; 0         ; 0    ; 0            ; 0          ; |top_level|decoder7seg:decoder1                            ; decoder7seg       ; work         ;
;    |decoder7seg:decoder2|            ; 7 (7)               ; 0 (0)                     ; 0           ; 0          ; 0            ; 0       ; 0         ; 0    ; 0            ; 0          ; |top_level|decoder7seg:decoder2                            ; decoder7seg       ; work         ;
+--------------------------------------+---------------------+---------------------------+-------------+------------+--------------+---------+-----------+------+--------------+------------+------------------------------------------------------------+-------------------+--------------+
Note: For table entries with two numbers listed, the numbers in parentheses indicate the number of resources of the given type used by the specific entity alone. The numbers listed outside of parentheses indicate the total resources of the given type used by the specific entity and all of its sub-entities in the hierarchy.


Encoding Type:  One-Hot
+--------------------------------------------------------------------------------------------------------------------------------------------------------+
; State Machine - |top_level|ctrl2:controller|state                                                                                                      ;
+-------------------------+------------------+-------------------------+-------------------------+---------------+------------+------------+-------------+
; Name                    ; state.done_state ; state.subxfromyputintoy ; state.subyfromxputintox ; state.compare ; state.load ; state.hold ; state.start ;
+-------------------------+------------------+-------------------------+-------------------------+---------------+------------+------------+-------------+
; state.start             ; 0                ; 0                       ; 0                       ; 0             ; 0          ; 0          ; 0           ;
; state.hold              ; 0                ; 0                       ; 0                       ; 0             ; 0          ; 1          ; 1           ;
; state.load              ; 0                ; 0                       ; 0                       ; 0             ; 1          ; 0          ; 1           ;
; state.compare           ; 0                ; 0                       ; 0                       ; 1             ; 0          ; 0          ; 1           ;
; state.subyfromxputintox ; 0                ; 0                       ; 1                       ; 0             ; 0          ; 0          ; 1           ;
; state.subxfromyputintoy ; 0                ; 1                       ; 0                       ; 0             ; 0          ; 0          ; 1           ;
; state.done_state        ; 1                ; 0                       ; 0                       ; 0             ; 0          ; 0          ; 1           ;
+-------------------------+------------------+-------------------------+-------------------------+---------------+------------+------------+-------------+


+-----------------------------------------------------------------------------------------------------------+
; User-Specified and Inferred Latches                                                                       ;
+----------------------------------------------------+-----------------------------+------------------------+
; Latch Name                                         ; Latch Enable Signal         ; Free of Timing Hazards ;
+----------------------------------------------------+-----------------------------+------------------------+
; ctrl2:controller|done                              ; ctrl2:controller|state.hold ; yes                    ;
; Number of user-specified and inferred latches = 1  ;                             ;                        ;
+----------------------------------------------------+-----------------------------+------------------------+
Note: All latches listed above may not be present at the end of synthesis due to various synthesis optimizations.


+------------------------------------------------------+
; General Register Statistics                          ;
+----------------------------------------------+-------+
; Statistic                                    ; Value ;
+----------------------------------------------+-------+
; Total registers                              ; 31    ;
; Number of registers using Synchronous Clear  ; 0     ;
; Number of registers using Synchronous Load   ; 0     ;
; Number of registers using Asynchronous Clear ; 31    ;
; Number of registers using Asynchronous Load  ; 0     ;
; Number of registers using Clock Enable       ; 24    ;
; Number of registers using Preset             ; 0     ;
+----------------------------------------------+-------+


+-------------------------------------------------------------------------------------------------------------------------------------------------+
; Multiplexer Restructuring Statistics (Restructuring Performed)                                                                                  ;
+--------------------+-----------+---------------+----------------------+------------------------+------------+-----------------------------------+
; Multiplexer Inputs ; Bus Width ; Baseline Area ; Area if Restructured ; Saving if Restructured ; Registered ; Example Multiplexer Output        ;
+--------------------+-----------+---------------+----------------------+------------------------+------------+-----------------------------------+
; 3:1                ; 2 bits    ; 4 LEs         ; 2 LEs                ; 2 LEs                  ; No         ; |top_level|ctrl2:controller|state ;
+--------------------+-----------+---------------+----------------------+------------------------+------------+-----------------------------------+


+---------------------------------------------------------------------------+
; Parameter Settings for User Entity Instance: Top-level Entity: |top_level ;
+----------------+-------+--------------------------------------------------+
; Parameter Name ; Value ; Type                                             ;
+----------------+-------+--------------------------------------------------+
; WIDTH          ; 8     ; Signed Integer                                   ;
+----------------+-------+--------------------------------------------------+
Note: In order to hide this table in the UI and the text report file, please set the "Show Parameter Settings in Synthesis Report" option in "Analysis and Synthesis Settings -> More Settings" to "Off".


+-----------------------------------------------------------------+
; Parameter Settings for User Entity Instance: datapath2:datapath ;
+----------------+-------+----------------------------------------+
; Parameter Name ; Value ; Type                                   ;
+----------------+-------+----------------------------------------+
; width          ; 8     ; Signed Integer                         ;
+----------------+-------+----------------------------------------+
Note: In order to hide this table in the UI and the text report file, please set the "Show Parameter Settings in Synthesis Report" option in "Analysis and Synthesis Settings -> More Settings" to "Off".


+-------------------------------------------------------------------------------------+
; Parameter Settings for User Entity Instance: datapath2:datapath|generic2x1mux:x_mux ;
+----------------+-------+------------------------------------------------------------+
; Parameter Name ; Value ; Type                                                       ;
+----------------+-------+------------------------------------------------------------+
; width          ; 8     ; Signed Integer                                             ;
+----------------+-------+------------------------------------------------------------+
Note: In order to hide this table in the UI and the text report file, please set the "Show Parameter Settings in Synthesis Report" option in "Analysis and Synthesis Settings -> More Settings" to "Off".


+-------------------------------------------------------------------------------------+
; Parameter Settings for User Entity Instance: datapath2:datapath|generic2x1mux:y_mux ;
+----------------+-------+------------------------------------------------------------+
; Parameter Name ; Value ; Type                                                       ;
+----------------+-------+------------------------------------------------------------+
; width          ; 8     ; Signed Integer                                             ;
+----------------+-------+------------------------------------------------------------+
Note: In order to hide this table in the UI and the text report file, please set the "Show Parameter Settings in Synthesis Report" option in "Analysis and Synthesis Settings -> More Settings" to "Off".


+------------------------------------------------------------------------------------+
; Parameter Settings for User Entity Instance: datapath2:datapath|generic2x1mux:mux1 ;
+----------------+-------+-----------------------------------------------------------+
; Parameter Name ; Value ; Type                                                      ;
+----------------+-------+-----------------------------------------------------------+
; width          ; 8     ; Signed Integer                                            ;
+----------------+-------+-----------------------------------------------------------+
Note: In order to hide this table in the UI and the text report file, please set the "Show Parameter Settings in Synthesis Report" option in "Analysis and Synthesis Settings -> More Settings" to "Off".


+------------------------------------------------------------------------------------+
; Parameter Settings for User Entity Instance: datapath2:datapath|generic2x1mux:mux2 ;
+----------------+-------+-----------------------------------------------------------+
; Parameter Name ; Value ; Type                                                      ;
+----------------+-------+-----------------------------------------------------------+
; width          ; 8     ; Signed Integer                                            ;
+----------------+-------+-----------------------------------------------------------+
Note: In order to hide this table in the UI and the text report file, please set the "Show Parameter Settings in Synthesis Report" option in "Analysis and Synthesis Settings -> More Settings" to "Off".


+--------------------------------------------------------------------------------------------+
; Parameter Settings for User Entity Instance: datapath2:datapath|genericregister:x_register ;
+----------------+-------+-------------------------------------------------------------------+
; Parameter Name ; Value ; Type                                                              ;
+----------------+-------+-------------------------------------------------------------------+
; width          ; 8     ; Signed Integer                                                    ;
+----------------+-------+-------------------------------------------------------------------+
Note: In order to hide this table in the UI and the text report file, please set the "Show Parameter Settings in Synthesis Report" option in "Analysis and Synthesis Settings -> More Settings" to "Off".


+--------------------------------------------------------------------------------------------+
; Parameter Settings for User Entity Instance: datapath2:datapath|genericregister:y_register ;
+----------------+-------+-------------------------------------------------------------------+
; Parameter Name ; Value ; Type                                                              ;
+----------------+-------+-------------------------------------------------------------------+
; width          ; 8     ; Signed Integer                                                    ;
+----------------+-------+-------------------------------------------------------------------+
Note: In order to hide this table in the UI and the text report file, please set the "Show Parameter Settings in Synthesis Report" option in "Analysis and Synthesis Settings -> More Settings" to "Off".


+----------------------------------------------------------------------------------------------+
; Parameter Settings for User Entity Instance: datapath2:datapath|genericsubtractor:subtractor ;
+----------------+-------+---------------------------------------------------------------------+
; Parameter Name ; Value ; Type                                                                ;
+----------------+-------+---------------------------------------------------------------------+
; width          ; 8     ; Signed Integer                                                      ;
+----------------+-------+---------------------------------------------------------------------+
Note: In order to hide this table in the UI and the text report file, please set the "Show Parameter Settings in Synthesis Report" option in "Analysis and Synthesis Settings -> More Settings" to "Off".


+----------------------------------------------------------------------------------------------+
; Parameter Settings for User Entity Instance: datapath2:datapath|genericcomparator:comparator ;
+----------------+-------+---------------------------------------------------------------------+
; Parameter Name ; Value ; Type                                                                ;
+----------------+-------+---------------------------------------------------------------------+
; width          ; 8     ; Signed Integer                                                      ;
+----------------+-------+---------------------------------------------------------------------+
Note: In order to hide this table in the UI and the text report file, please set the "Show Parameter Settings in Synthesis Report" option in "Analysis and Synthesis Settings -> More Settings" to "Off".


+-------------------------------------------------------------------------------------------+
; Parameter Settings for User Entity Instance: datapath2:datapath|genericregister:outputreg ;
+----------------+-------+------------------------------------------------------------------+
; Parameter Name ; Value ; Type                                                             ;
+----------------+-------+------------------------------------------------------------------+
; width          ; 8     ; Signed Integer                                                   ;
+----------------+-------+------------------------------------------------------------------+
Note: In order to hide this table in the UI and the text report file, please set the "Show Parameter Settings in Synthesis Report" option in "Analysis and Synthesis Settings -> More Settings" to "Off".


+--------------------------------------------------------------------------------------------------------------------+
; Port Connectivity Checks: "decoder7seg:decoder2"                                                                   ;
+----------+--------+----------+-------------------------------------------------------------------------------------+
; Port     ; Type   ; Severity ; Details                                                                             ;
+----------+--------+----------+-------------------------------------------------------------------------------------+
; input_dp ; Input  ; Info     ; Stuck at VCC                                                                        ;
; dp       ; Output ; Info     ; Connected to dangling logic. Logic that only feeds a dangling port will be removed. ;
+----------+--------+----------+-------------------------------------------------------------------------------------+


+------------------------------------------------+
; Port Connectivity Checks: "datapath2:datapath" ;
+---------+-------+----------+-------------------+
; Port    ; Type  ; Severity ; Details           ;
+---------+-------+----------+-------------------+
; x[7..5] ; Input ; Info     ; Stuck at GND      ;
; y[7..5] ; Input ; Info     ; Stuck at GND      ;
+---------+-------+----------+-------------------+


+-----------------------------------------------------+
; Post-Synthesis Netlist Statistics for Top Partition ;
+-----------------------+-----------------------------+
; Type                  ; Count                       ;
+-----------------------+-----------------------------+
; boundary_port         ; 34                          ;
; cycloneiii_ff         ; 31                          ;
;     CLR               ; 7                           ;
;     ENA CLR           ; 24                          ;
; cycloneiii_lcell_comb ; 94                          ;
;     arith             ; 21                          ;
;         3 data inputs ; 21                          ;
;     normal            ; 73                          ;
;         1 data inputs ; 13                          ;
;         2 data inputs ; 15                          ;
;         3 data inputs ; 29                          ;
;         4 data inputs ; 16                          ;
;                       ;                             ;
; Max LUT depth         ; 5.40                        ;
; Average LUT depth     ; 3.36                        ;
+-----------------------+-----------------------------+


+-------------------------------+
; Elapsed Time Per Partition    ;
+----------------+--------------+
; Partition Name ; Elapsed Time ;
+----------------+--------------+
; Top            ; 00:00:00     ;
+----------------+--------------+


+-------------------------------+
; Analysis & Synthesis Messages ;
+-------------------------------+
Info: *******************************************************************
Info: Running Quartus Prime Analysis & Synthesis
    Info: Version 20.1.1 Build 720 11/11/2020 SJ Lite Edition
    Info: Processing started: Sun Oct 15 13:10:08 2023
Info: Command: quartus_map --read_settings_files=on --write_settings_files=off lab5_p3 -c lab5_p3
Warning (18236): Number of processors has not been specified which may cause overloading on shared machines.  Set the global assignment NUM_PARALLEL_PROCESSORS in your QSF to an appropriate value for best performance.
Info (20030): Parallel compilation is enabled and will use 4 of the 4 processors detected
Info (12021): Found 2 design units, including 1 entities, in source file clk_div.vhd
    Info (12022): Found design unit 1: clk_div-arch File: C:/Users/steve/source/eel4712/lab5/83190817/p3/clk_div.vhd Line: 17
    Info (12023): Found entity 1: clk_div File: C:/Users/steve/source/eel4712/lab5/83190817/p3/clk_div.vhd Line: 8
Info (12021): Found 2 design units, including 1 entities, in source file decoder.vhd
    Info (12022): Found design unit 1: decoder7seg-arch File: C:/Users/steve/source/eel4712/lab5/83190817/p3/decoder.vhd Line: 17
    Info (12023): Found entity 1: decoder7seg File: C:/Users/steve/source/eel4712/lab5/83190817/p3/decoder.vhd Line: 7
Info (12021): Found 2 design units, including 1 entities, in source file ctrl2.vhd
    Info (12022): Found design unit 1: ctrl2-arch File: C:/Users/steve/source/eel4712/lab5/83190817/p3/ctrl2.vhd Line: 15
    Info (12023): Found entity 1: ctrl2 File: C:/Users/steve/source/eel4712/lab5/83190817/p3/ctrl2.vhd Line: 6
Info (12021): Found 2 design units, including 1 entities, in source file datapath2.vhd
    Info (12022): Found design unit 1: datapath2-arch File: C:/Users/steve/source/eel4712/lab5/83190817/p3/datapath2.vhd Line: 21
    Info (12023): Found entity 1: datapath2 File: C:/Users/steve/source/eel4712/lab5/83190817/p3/datapath2.vhd Line: 6
Info (12021): Found 2 design units, including 1 entities, in source file /users/steve/source/eel4712/lab5/83190817/genericcomponents/genericsubtractor.vhd
    Info (12022): Found design unit 1: genericsubtractor-arch File: C:/Users/steve/source/eel4712/lab5/83190817/genericcomponents/genericsubtractor.vhd Line: 21
    Info (12023): Found entity 1: genericsubtractor File: C:/Users/steve/source/eel4712/lab5/83190817/genericcomponents/genericsubtractor.vhd Line: 8
Info (12021): Found 2 design units, including 1 entities, in source file /users/steve/source/eel4712/lab5/83190817/genericcomponents/genericregister.vhd
    Info (12022): Found design unit 1: genericregister-arch File: C:/Users/steve/source/eel4712/lab5/83190817/genericcomponents/genericregister.vhd Line: 22
    Info (12023): Found entity 1: genericregister File: C:/Users/steve/source/eel4712/lab5/83190817/genericcomponents/genericregister.vhd Line: 7
Info (12021): Found 2 design units, including 1 entities, in source file /users/steve/source/eel4712/lab5/83190817/genericcomponents/genericcomparator.vhd
    Info (12022): Found design unit 1: genericcomparator-arch File: C:/Users/steve/source/eel4712/lab5/83190817/genericcomponents/genericcomparator.vhd Line: 20
    Info (12023): Found entity 1: genericcomparator File: C:/Users/steve/source/eel4712/lab5/83190817/genericcomponents/genericcomparator.vhd Line: 8
Info (12021): Found 2 design units, including 1 entities, in source file /users/steve/source/eel4712/lab5/83190817/genericcomponents/generic2x1mux.vhd
    Info (12022): Found design unit 1: generic2x1mux-arch File: C:/Users/steve/source/eel4712/lab5/83190817/genericcomponents/generic2x1mux.vhd Line: 22
    Info (12023): Found entity 1: generic2x1mux File: C:/Users/steve/source/eel4712/lab5/83190817/genericcomponents/generic2x1mux.vhd Line: 8
Info (12021): Found 2 design units, including 1 entities, in source file top_level.vhd
    Info (12022): Found design unit 1: top_level-arch File: C:/Users/steve/source/eel4712/lab5/83190817/p3/top_level.vhd Line: 21
    Info (12023): Found entity 1: top_level File: C:/Users/steve/source/eel4712/lab5/83190817/p3/top_level.vhd Line: 7
Info (12127): Elaborating entity "top_level" for the top level hierarchy
Info (12128): Elaborating entity "ctrl2" for hierarchy "ctrl2:controller" File: C:/Users/steve/source/eel4712/lab5/83190817/p3/top_level.vhd Line: 84
Warning (10631): VHDL Process Statement warning at ctrl2.vhd(100): inferring latch(es) for signal or variable "done", which holds its previous value in one or more paths through the process File: C:/Users/steve/source/eel4712/lab5/83190817/p3/ctrl2.vhd Line: 100
Info (10041): Inferred latch for "done" at ctrl2.vhd(100) File: C:/Users/steve/source/eel4712/lab5/83190817/p3/ctrl2.vhd Line: 100
Info (12128): Elaborating entity "datapath2" for hierarchy "datapath2:datapath" File: C:/Users/steve/source/eel4712/lab5/83190817/p3/top_level.vhd Line: 90
Info (12128): Elaborating entity "generic2x1mux" for hierarchy "datapath2:datapath|generic2x1mux:x_mux" File: C:/Users/steve/source/eel4712/lab5/83190817/p3/datapath2.vhd Line: 75
Info (12128): Elaborating entity "genericregister" for hierarchy "datapath2:datapath|genericregister:x_register" File: C:/Users/steve/source/eel4712/lab5/83190817/p3/datapath2.vhd Line: 79
Info (12128): Elaborating entity "genericsubtractor" for hierarchy "datapath2:datapath|genericsubtractor:subtractor" File: C:/Users/steve/source/eel4712/lab5/83190817/p3/datapath2.vhd Line: 81
Info (12128): Elaborating entity "genericcomparator" for hierarchy "datapath2:datapath|genericcomparator:comparator" File: C:/Users/steve/source/eel4712/lab5/83190817/p3/datapath2.vhd Line: 82
Info (12128): Elaborating entity "decoder7seg" for hierarchy "decoder7seg:decoder1" File: C:/Users/steve/source/eel4712/lab5/83190817/p3/top_level.vhd Line: 96
Info (286030): Timing-Driven Synthesis is running
Info (16010): Generating hard_block partition "hard_block:auto_generated_inst"
    Info (16011): Adding 0 node(s), including 0 DDIO, 0 PLL, 0 transceiver and 0 LCELL
Warning (21074): Design contains 6 input pin(s) that do not drive logic
    Warning (15610): No output dependent on input pin "x[5]" File: C:/Users/steve/source/eel4712/lab5/83190817/p3/top_level.vhd Line: 13
    Warning (15610): No output dependent on input pin "x[6]" File: C:/Users/steve/source/eel4712/lab5/83190817/p3/top_level.vhd Line: 13
    Warning (15610): No output dependent on input pin "x[7]" File: C:/Users/steve/source/eel4712/lab5/83190817/p3/top_level.vhd Line: 13
    Warning (15610): No output dependent on input pin "y[5]" File: C:/Users/steve/source/eel4712/lab5/83190817/p3/top_level.vhd Line: 14
    Warning (15610): No output dependent on input pin "y[6]" File: C:/Users/steve/source/eel4712/lab5/83190817/p3/top_level.vhd Line: 14
    Warning (15610): No output dependent on input pin "y[7]" File: C:/Users/steve/source/eel4712/lab5/83190817/p3/top_level.vhd Line: 14
Info (21057): Implemented 124 device resources after synthesis - the final resource count might be different
    Info (21058): Implemented 19 input pins
    Info (21059): Implemented 15 output pins
    Info (21061): Implemented 90 logic cells
Info: Quartus Prime Analysis & Synthesis was successful. 0 errors, 9 warnings
    Info: Peak virtual memory: 4801 megabytes
    Info: Processing ended: Sun Oct 15 13:10:19 2023
    Info: Elapsed time: 00:00:11
    Info: Total CPU time (on all processors): 00:00:27


