Analysis & Synthesis report for lab5_p1
Fri Oct 13 20:39:01 2023
Quartus Prime Version 20.1.1 Build 720 11/11/2020 SJ Lite Edition


---------------------
; Table of Contents ;
---------------------
  1. Legal Notice
  2. Analysis & Synthesis Summary
  3. Analysis & Synthesis Settings
  4. Parallel Compilation
  5. Analysis & Synthesis Source Files Read
  6. Analysis & Synthesis Resource Usage Summary
  7. Analysis & Synthesis Resource Utilization by Entity
  8. General Register Statistics
  9. Parameter Settings for User Entity Instance: Top-level Entity: |datapath1
 10. Parameter Settings for User Entity Instance: generic2x1mux:x_mux
 11. Parameter Settings for User Entity Instance: generic2x1mux:y_mux
 12. Parameter Settings for User Entity Instance: genericregister:x_register
 13. Parameter Settings for User Entity Instance: genericregister:y_register
 14. Parameter Settings for User Entity Instance: genericsubtractor:x_subtractor
 15. Parameter Settings for User Entity Instance: genericsubtractor:y_subtractor
 16. Parameter Settings for User Entity Instance: genericcomparator:comparator
 17. Parameter Settings for User Entity Instance: genericregister:outputreg
 18. Post-Synthesis Netlist Statistics for Top Partition
 19. Elapsed Time Per Partition
 20. Analysis & Synthesis Messages



----------------
; Legal Notice ;
----------------
Copyright (C) 2020  Intel Corporation. All rights reserved.
Your use of Intel Corporation's design tools, logic functions 
and other software and tools, and any partner logic 
functions, and any output files from any of the foregoing 
(including device programming or simulation files), and any 
associated documentation or information are expressly subject 
to the terms and conditions of the Intel Program License 
Subscription Agreement, the Intel Quartus Prime License Agreement,
the Intel FPGA IP License Agreement, or other applicable license
agreement, including, without limitation, that your use is for
the sole purpose of programming logic devices manufactured by
Intel and sold by Intel or its authorized distributors.  Please
refer to the applicable agreement for further details, at
https://fpgasoftware.intel.com/eula.



+----------------------------------------------------------------------------------+
; Analysis & Synthesis Summary                                                     ;
+------------------------------------+---------------------------------------------+
; Analysis & Synthesis Status        ; Successful - Fri Oct 13 20:39:01 2023       ;
; Quartus Prime Version              ; 20.1.1 Build 720 11/11/2020 SJ Lite Edition ;
; Revision Name                      ; lab5_p1                                     ;
; Top-level Entity Name              ; datapath1                                   ;
; Family                             ; MAX 10                                      ;
; Total logic elements               ; 41                                          ;
;     Total combinational functions  ; 33                                          ;
;     Dedicated logic registers      ; 24                                          ;
; Total registers                    ; 24                                          ;
; Total pins                         ; 33                                          ;
; Total virtual pins                 ; 0                                           ;
; Total memory bits                  ; 0                                           ;
; Embedded Multiplier 9-bit elements ; 0                                           ;
; Total PLLs                         ; 0                                           ;
; UFM blocks                         ; 0                                           ;
; ADC blocks                         ; 0                                           ;
+------------------------------------+---------------------------------------------+


+------------------------------------------------------------------------------------------------------------+
; Analysis & Synthesis Settings                                                                              ;
+------------------------------------------------------------------+--------------------+--------------------+
; Option                                                           ; Setting            ; Default Value      ;
+------------------------------------------------------------------+--------------------+--------------------+
; Device                                                           ; 10M50DAF484C6GES   ;                    ;
; Top-level entity name                                            ; datapath1          ; lab5_p1            ;
; Family name                                                      ; MAX 10             ; Cyclone V          ;
; Use smart compilation                                            ; Off                ; Off                ;
; Enable parallel Assembler and Timing Analyzer during compilation ; On                 ; On                 ;
; Enable compact report table                                      ; Off                ; Off                ;
; Restructure Multiplexers                                         ; Auto               ; Auto               ;
; Create Debugging Nodes for IP Cores                              ; Off                ; Off                ;
; Preserve fewer node names                                        ; On                 ; On                 ;
; Intel FPGA IP Evaluation Mode                                    ; Enable             ; Enable             ;
; Verilog Version                                                  ; Verilog_2001       ; Verilog_2001       ;
; VHDL Version                                                     ; VHDL_1993          ; VHDL_1993          ;
; State Machine Processing                                         ; Auto               ; Auto               ;
; Safe State Machine                                               ; Off                ; Off                ;
; Extract Verilog State Machines                                   ; On                 ; On                 ;
; Extract VHDL State Machines                                      ; On                 ; On                 ;
; Ignore Verilog initial constructs                                ; Off                ; Off                ;
; Iteration limit for constant Verilog loops                       ; 5000               ; 5000               ;
; Iteration limit for non-constant Verilog loops                   ; 250                ; 250                ;
; Add Pass-Through Logic to Inferred RAMs                          ; On                 ; On                 ;
; Infer RAMs from Raw Logic                                        ; On                 ; On                 ;
; Parallel Synthesis                                               ; On                 ; On                 ;
; DSP Block Balancing                                              ; Auto               ; Auto               ;
; NOT Gate Push-Back                                               ; On                 ; On                 ;
; Power-Up Don't Care                                              ; On                 ; On                 ;
; Remove Redundant Logic Cells                                     ; Off                ; Off                ;
; Remove Duplicate Registers                                       ; On                 ; On                 ;
; Ignore CARRY Buffers                                             ; Off                ; Off                ;
; Ignore CASCADE Buffers                                           ; Off                ; Off                ;
; Ignore GLOBAL Buffers                                            ; Off                ; Off                ;
; Ignore ROW GLOBAL Buffers                                        ; Off                ; Off                ;
; Ignore LCELL Buffers                                             ; Off                ; Off                ;
; Ignore SOFT Buffers                                              ; On                 ; On                 ;
; Limit AHDL Integers to 32 Bits                                   ; Off                ; Off                ;
; Optimization Technique                                           ; Balanced           ; Balanced           ;
; Carry Chain Length                                               ; 70                 ; 70                 ;
; Auto Carry Chains                                                ; On                 ; On                 ;
; Auto Open-Drain Pins                                             ; On                 ; On                 ;
; Perform WYSIWYG Primitive Resynthesis                            ; Off                ; Off                ;
; Auto ROM Replacement                                             ; On                 ; On                 ;
; Auto RAM Replacement                                             ; On                 ; On                 ;
; Auto DSP Block Replacement                                       ; On                 ; On                 ;
; Auto Shift Register Replacement                                  ; Auto               ; Auto               ;
; Allow Shift Register Merging across Hierarchies                  ; Auto               ; Auto               ;
; Auto Clock Enable Replacement                                    ; On                 ; On                 ;
; Strict RAM Replacement                                           ; Off                ; Off                ;
; Allow Synchronous Control Signals                                ; On                 ; On                 ;
; Force Use of Synchronous Clear Signals                           ; Off                ; Off                ;
; Auto RAM Block Balancing                                         ; On                 ; On                 ;
; Auto RAM to Logic Cell Conversion                                ; Off                ; Off                ;
; Auto Resource Sharing                                            ; Off                ; Off                ;
; Allow Any RAM Size For Recognition                               ; Off                ; Off                ;
; Allow Any ROM Size For Recognition                               ; Off                ; Off                ;
; Allow Any Shift Register Size For Recognition                    ; Off                ; Off                ;
; Use LogicLock Constraints during Resource Balancing              ; On                 ; On                 ;
; Ignore translate_off and synthesis_off directives                ; Off                ; Off                ;
; Timing-Driven Synthesis                                          ; On                 ; On                 ;
; Report Parameter Settings                                        ; On                 ; On                 ;
; Report Source Assignments                                        ; On                 ; On                 ;
; Report Connectivity Checks                                       ; On                 ; On                 ;
; Ignore Maximum Fan-Out Assignments                               ; Off                ; Off                ;
; Synchronization Register Chain Length                            ; 2                  ; 2                  ;
; Power Optimization During Synthesis                              ; Normal compilation ; Normal compilation ;
; HDL message level                                                ; Level2             ; Level2             ;
; Suppress Register Optimization Related Messages                  ; Off                ; Off                ;
; Number of Removed Registers Reported in Synthesis Report         ; 5000               ; 5000               ;
; Number of Swept Nodes Reported in Synthesis Report               ; 5000               ; 5000               ;
; Number of Inverted Registers Reported in Synthesis Report        ; 100                ; 100                ;
; Clock MUX Protection                                             ; On                 ; On                 ;
; Auto Gated Clock Conversion                                      ; Off                ; Off                ;
; Block Design Naming                                              ; Auto               ; Auto               ;
; SDC constraint protection                                        ; Off                ; Off                ;
; Synthesis Effort                                                 ; Auto               ; Auto               ;
; Shift Register Replacement - Allow Asynchronous Clear Signal     ; On                 ; On                 ;
; Pre-Mapping Resynthesis Optimization                             ; Off                ; Off                ;
; Analysis & Synthesis Message Level                               ; Medium             ; Medium             ;
; Disable Register Merging Across Hierarchies                      ; Auto               ; Auto               ;
; Resource Aware Inference For Block RAM                           ; On                 ; On                 ;
+------------------------------------------------------------------+--------------------+--------------------+


+------------------------------------------+
; Parallel Compilation                     ;
+----------------------------+-------------+
; Processors                 ; Number      ;
+----------------------------+-------------+
; Number detected on machine ; 12          ;
; Maximum allowed            ; 8           ;
;                            ;             ;
; Average used               ; 1.00        ;
; Maximum used               ; 8           ;
;                            ;             ;
; Usage by Processor         ; % Time Used ;
;     Processor 1            ; 100.0%      ;
;     Processors 2-8         ;   0.0%      ;
+----------------------------+-------------+


+-----------------------------------------------------------------------------------------------------------------------------------------------------------------+
; Analysis & Synthesis Source Files Read                                                                                                                          ;
+----------------------------------+-----------------+-----------------+--------------------------------------------------------------------------------+---------+
; File Name with User-Entered Path ; Used in Netlist ; File Type       ; File Name with Absolute Path                                                   ; Library ;
+----------------------------------+-----------------+-----------------+--------------------------------------------------------------------------------+---------+
; genericregister.vhd              ; yes             ; User VHDL File  ; C:/Users/steve/git_repos/school/EEL4712/lab5/83190817/p1/genericregister.vhd   ;         ;
; genericsubtractor.vhd            ; yes             ; User VHDL File  ; C:/Users/steve/git_repos/school/EEL4712/lab5/83190817/p1/genericsubtractor.vhd ;         ;
; genericcomparator.vhd            ; yes             ; User VHDL File  ; C:/Users/steve/git_repos/school/EEL4712/lab5/83190817/p1/genericcomparator.vhd ;         ;
; generic2x1mux.vhd                ; yes             ; User VHDL File  ; C:/Users/steve/git_repos/school/EEL4712/lab5/83190817/p1/generic2x1mux.vhd     ;         ;
; datapath1.vhd                    ; yes             ; User VHDL File  ; C:/Users/steve/git_repos/school/EEL4712/lab5/83190817/p1/datapath1.vhd         ;         ;
+----------------------------------+-----------------+-----------------+--------------------------------------------------------------------------------+---------+


+---------------------------------------------------------+
; Analysis & Synthesis Resource Usage Summary             ;
+---------------------------------------------+-----------+
; Resource                                    ; Usage     ;
+---------------------------------------------+-----------+
; Estimated Total logic elements              ; 41        ;
;                                             ;           ;
; Total combinational functions               ; 33        ;
; Logic element usage by number of LUT inputs ;           ;
;     -- 4 input functions                    ; 0         ;
;     -- 3 input functions                    ; 28        ;
;     -- <=2 input functions                  ; 5         ;
;                                             ;           ;
; Logic elements by mode                      ;           ;
;     -- normal mode                          ; 5         ;
;     -- arithmetic mode                      ; 28        ;
;                                             ;           ;
; Total registers                             ; 24        ;
;     -- Dedicated logic registers            ; 24        ;
;     -- I/O registers                        ; 0         ;
;                                             ;           ;
; I/O pins                                    ; 33        ;
;                                             ;           ;
; Embedded Multiplier 9-bit elements          ; 0         ;
;                                             ;           ;
; Maximum fan-out node                        ; clk~input ;
; Maximum fan-out                             ; 24        ;
; Total fan-out                               ; 265       ;
; Average fan-out                             ; 2.15      ;
+---------------------------------------------+-----------+


+---------------------------------------------------------------------------------------------------------------------------------------------------------------------------------------------------------------------------------------------------------------------+
; Analysis & Synthesis Resource Utilization by Entity                                                                                                                                                                                                                 ;
+-----------------------------------+---------------------+---------------------------+-------------+------------+--------------+---------+-----------+------+--------------+------------+-----------------------------------------+-------------------+--------------+
; Compilation Hierarchy Node        ; Combinational ALUTs ; Dedicated Logic Registers ; Memory Bits ; UFM Blocks ; DSP Elements ; DSP 9x9 ; DSP 18x18 ; Pins ; Virtual Pins ; ADC blocks ; Full Hierarchy Name                     ; Entity Name       ; Library Name ;
+-----------------------------------+---------------------+---------------------------+-------------+------------+--------------+---------+-----------+------+--------------+------------+-----------------------------------------+-------------------+--------------+
; |datapath1                        ; 33 (0)              ; 24 (0)                    ; 0           ; 0          ; 0            ; 0       ; 0         ; 33   ; 0            ; 0          ; |datapath1                              ; datapath1         ; work         ;
;    |genericcomparator:comparator| ; 17 (17)             ; 0 (0)                     ; 0           ; 0          ; 0            ; 0       ; 0         ; 0    ; 0            ; 0          ; |datapath1|genericcomparator:comparator ; genericcomparator ; work         ;
;    |genericregister:outputreg|    ; 0 (0)               ; 8 (8)                     ; 0           ; 0          ; 0            ; 0       ; 0         ; 0    ; 0            ; 0          ; |datapath1|genericregister:outputreg    ; genericregister   ; work         ;
;    |genericregister:x_register|   ; 8 (8)               ; 8 (8)                     ; 0           ; 0          ; 0            ; 0       ; 0         ; 0    ; 0            ; 0          ; |datapath1|genericregister:x_register   ; genericregister   ; work         ;
;    |genericregister:y_register|   ; 8 (8)               ; 8 (8)                     ; 0           ; 0          ; 0            ; 0       ; 0         ; 0    ; 0            ; 0          ; |datapath1|genericregister:y_register   ; genericregister   ; work         ;
+-----------------------------------+---------------------+---------------------------+-------------+------------+--------------+---------+-----------+------+--------------+------------+-----------------------------------------+-------------------+--------------+
Note: For table entries with two numbers listed, the numbers in parentheses indicate the number of resources of the given type used by the specific entity alone. The numbers listed outside of parentheses indicate the total resources of the given type used by the specific entity and all of its sub-entities in the hierarchy.


+------------------------------------------------------+
; General Register Statistics                          ;
+----------------------------------------------+-------+
; Statistic                                    ; Value ;
+----------------------------------------------+-------+
; Total registers                              ; 24    ;
; Number of registers using Synchronous Clear  ; 0     ;
; Number of registers using Synchronous Load   ; 16    ;
; Number of registers using Asynchronous Clear ; 24    ;
; Number of registers using Asynchronous Load  ; 0     ;
; Number of registers using Clock Enable       ; 24    ;
; Number of registers using Preset             ; 0     ;
+----------------------------------------------+-------+


+---------------------------------------------------------------------------+
; Parameter Settings for User Entity Instance: Top-level Entity: |datapath1 ;
+----------------+-------+--------------------------------------------------+
; Parameter Name ; Value ; Type                                             ;
+----------------+-------+--------------------------------------------------+
; width          ; 8     ; Signed Integer                                   ;
+----------------+-------+--------------------------------------------------+
Note: In order to hide this table in the UI and the text report file, please set the "Show Parameter Settings in Synthesis Report" option in "Analysis and Synthesis Settings -> More Settings" to "Off".


+------------------------------------------------------------------+
; Parameter Settings for User Entity Instance: generic2x1mux:x_mux ;
+----------------+-------+-----------------------------------------+
; Parameter Name ; Value ; Type                                    ;
+----------------+-------+-----------------------------------------+
; width          ; 8     ; Signed Integer                          ;
+----------------+-------+-----------------------------------------+
Note: In order to hide this table in the UI and the text report file, please set the "Show Parameter Settings in Synthesis Report" option in "Analysis and Synthesis Settings -> More Settings" to "Off".


+------------------------------------------------------------------+
; Parameter Settings for User Entity Instance: generic2x1mux:y_mux ;
+----------------+-------+-----------------------------------------+
; Parameter Name ; Value ; Type                                    ;
+----------------+-------+-----------------------------------------+
; width          ; 8     ; Signed Integer                          ;
+----------------+-------+-----------------------------------------+
Note: In order to hide this table in the UI and the text report file, please set the "Show Parameter Settings in Synthesis Report" option in "Analysis and Synthesis Settings -> More Settings" to "Off".


+-------------------------------------------------------------------------+
; Parameter Settings for User Entity Instance: genericregister:x_register ;
+----------------+-------+------------------------------------------------+
; Parameter Name ; Value ; Type                                           ;
+----------------+-------+------------------------------------------------+
; width          ; 8     ; Signed Integer                                 ;
+----------------+-------+------------------------------------------------+
Note: In order to hide this table in the UI and the text report file, please set the "Show Parameter Settings in Synthesis Report" option in "Analysis and Synthesis Settings -> More Settings" to "Off".


+-------------------------------------------------------------------------+
; Parameter Settings for User Entity Instance: genericregister:y_register ;
+----------------+-------+------------------------------------------------+
; Parameter Name ; Value ; Type                                           ;
+----------------+-------+------------------------------------------------+
; width          ; 8     ; Signed Integer                                 ;
+----------------+-------+------------------------------------------------+
Note: In order to hide this table in the UI and the text report file, please set the "Show Parameter Settings in Synthesis Report" option in "Analysis and Synthesis Settings -> More Settings" to "Off".


+-----------------------------------------------------------------------------+
; Parameter Settings for User Entity Instance: genericsubtractor:x_subtractor ;
+----------------+-------+----------------------------------------------------+
; Parameter Name ; Value ; Type                                               ;
+----------------+-------+----------------------------------------------------+
; width          ; 8     ; Signed Integer                                     ;
+----------------+-------+----------------------------------------------------+
Note: In order to hide this table in the UI and the text report file, please set the "Show Parameter Settings in Synthesis Report" option in "Analysis and Synthesis Settings -> More Settings" to "Off".


+-----------------------------------------------------------------------------+
; Parameter Settings for User Entity Instance: genericsubtractor:y_subtractor ;
+----------------+-------+----------------------------------------------------+
; Parameter Name ; Value ; Type                                               ;
+----------------+-------+----------------------------------------------------+
; width          ; 8     ; Signed Integer                                     ;
+----------------+-------+----------------------------------------------------+
Note: In order to hide this table in the UI and the text report file, please set the "Show Parameter Settings in Synthesis Report" option in "Analysis and Synthesis Settings -> More Settings" to "Off".


+---------------------------------------------------------------------------+
; Parameter Settings for User Entity Instance: genericcomparator:comparator ;
+----------------+-------+--------------------------------------------------+
; Parameter Name ; Value ; Type                                             ;
+----------------+-------+--------------------------------------------------+
; width          ; 8     ; Signed Integer                                   ;
+----------------+-------+--------------------------------------------------+
Note: In order to hide this table in the UI and the text report file, please set the "Show Parameter Settings in Synthesis Report" option in "Analysis and Synthesis Settings -> More Settings" to "Off".


+------------------------------------------------------------------------+
; Parameter Settings for User Entity Instance: genericregister:outputreg ;
+----------------+-------+-----------------------------------------------+
; Parameter Name ; Value ; Type                                          ;
+----------------+-------+-----------------------------------------------+
; width          ; 8     ; Signed Integer                                ;
+----------------+-------+-----------------------------------------------+
Note: In order to hide this table in the UI and the text report file, please set the "Show Parameter Settings in Synthesis Report" option in "Analysis and Synthesis Settings -> More Settings" to "Off".


+-----------------------------------------------------+
; Post-Synthesis Netlist Statistics for Top Partition ;
+-----------------------+-----------------------------+
; Type                  ; Count                       ;
+-----------------------+-----------------------------+
; boundary_port         ; 33                          ;
; cycloneiii_ff         ; 24                          ;
;     ENA CLR           ; 8                           ;
;     ENA CLR SLD       ; 16                          ;
; cycloneiii_lcell_comb ; 33                          ;
;     arith             ; 28                          ;
;         3 data inputs ; 28                          ;
;     normal            ; 5                           ;
;         2 data inputs ; 5                           ;
;                       ;                             ;
; Max LUT depth         ; 2.70                        ;
; Average LUT depth     ; 1.37                        ;
+-----------------------+-----------------------------+


+-------------------------------+
; Elapsed Time Per Partition    ;
+----------------+--------------+
; Partition Name ; Elapsed Time ;
+----------------+--------------+
; Top            ; 00:00:00     ;
+----------------+--------------+


+-------------------------------+
; Analysis & Synthesis Messages ;
+-------------------------------+
Info: *******************************************************************
Info: Running Quartus Prime Analysis & Synthesis
    Info: Version 20.1.1 Build 720 11/11/2020 SJ Lite Edition
    Info: Processing started: Fri Oct 13 20:38:51 2023
Info: Command: quartus_map --read_settings_files=on --write_settings_files=off lab5_p1 -c lab5_p1
Warning (18236): Number of processors has not been specified which may cause overloading on shared machines.  Set the global assignment NUM_PARALLEL_PROCESSORS in your QSF to an appropriate value for best performance.
Info (20030): Parallel compilation is enabled and will use 8 of the 8 processors detected
Info (12021): Found 2 design units, including 1 entities, in source file genericregister.vhd
    Info (12022): Found design unit 1: genericregister-arch File: C:/Users/steve/git_repos/school/EEL4712/lab5/83190817/p1/genericregister.vhd Line: 22
    Info (12023): Found entity 1: genericregister File: C:/Users/steve/git_repos/school/EEL4712/lab5/83190817/p1/genericregister.vhd Line: 7
Info (12021): Found 2 design units, including 1 entities, in source file genericsubtractor.vhd
    Info (12022): Found design unit 1: genericsubtractor-arch File: C:/Users/steve/git_repos/school/EEL4712/lab5/83190817/p1/genericsubtractor.vhd Line: 21
    Info (12023): Found entity 1: genericsubtractor File: C:/Users/steve/git_repos/school/EEL4712/lab5/83190817/p1/genericsubtractor.vhd Line: 8
Info (12021): Found 2 design units, including 1 entities, in source file genericcomparator.vhd
    Info (12022): Found design unit 1: genericcomparator-arch File: C:/Users/steve/git_repos/school/EEL4712/lab5/83190817/p1/genericcomparator.vhd Line: 20
    Info (12023): Found entity 1: genericcomparator File: C:/Users/steve/git_repos/school/EEL4712/lab5/83190817/p1/genericcomparator.vhd Line: 8
Info (12021): Found 2 design units, including 1 entities, in source file generic2x1mux.vhd
    Info (12022): Found design unit 1: generic2x1mux-arch File: C:/Users/steve/git_repos/school/EEL4712/lab5/83190817/p1/generic2x1mux.vhd Line: 22
    Info (12023): Found entity 1: generic2x1mux File: C:/Users/steve/git_repos/school/EEL4712/lab5/83190817/p1/generic2x1mux.vhd Line: 8
Info (12021): Found 2 design units, including 1 entities, in source file datapath1.vhd
    Info (12022): Found design unit 1: datapath1-arch File: C:/Users/steve/git_repos/school/EEL4712/lab5/83190817/p1/datapath1.vhd Line: 21
    Info (12023): Found entity 1: datapath1 File: C:/Users/steve/git_repos/school/EEL4712/lab5/83190817/p1/datapath1.vhd Line: 6
Info (12021): Found 2 design units, including 1 entities, in source file ctrl1.vhd
    Info (12022): Found design unit 1: ctrl1-arch File: C:/Users/steve/git_repos/school/EEL4712/lab5/83190817/p1/ctrl1.vhd Line: 15
    Info (12023): Found entity 1: ctrl1 File: C:/Users/steve/git_repos/school/EEL4712/lab5/83190817/p1/ctrl1.vhd Line: 6
Info (12021): Found 2 design units, including 1 entities, in source file gcd.vhd
    Info (12022): Found design unit 1: gcd-FSM_D1 File: C:/Users/steve/git_repos/school/EEL4712/lab5/83190817/p1/gcd.vhd Line: 21
    Info (12023): Found entity 1: gcd File: C:/Users/steve/git_repos/school/EEL4712/lab5/83190817/p1/gcd.vhd Line: 7
Info (12021): Found 2 design units, including 1 entities, in source file gcd_tb.vhd
    Info (12022): Found design unit 1: gcd_tb-TB File: C:/Users/steve/git_repos/school/EEL4712/lab5/83190817/p1/gcd_tb.vhd Line: 8
    Info (12023): Found entity 1: gcd_tb File: C:/Users/steve/git_repos/school/EEL4712/lab5/83190817/p1/gcd_tb.vhd Line: 5
Info (12127): Elaborating entity "datapath1" for the top level hierarchy
Info (12128): Elaborating entity "generic2x1mux" for hierarchy "generic2x1mux:x_mux" File: C:/Users/steve/git_repos/school/EEL4712/lab5/83190817/p1/datapath1.vhd Line: 74
Info (12128): Elaborating entity "genericregister" for hierarchy "genericregister:x_register" File: C:/Users/steve/git_repos/school/EEL4712/lab5/83190817/p1/datapath1.vhd Line: 76
Info (12128): Elaborating entity "genericsubtractor" for hierarchy "genericsubtractor:x_subtractor" File: C:/Users/steve/git_repos/school/EEL4712/lab5/83190817/p1/datapath1.vhd Line: 78
Info (12128): Elaborating entity "genericcomparator" for hierarchy "genericcomparator:comparator" File: C:/Users/steve/git_repos/school/EEL4712/lab5/83190817/p1/datapath1.vhd Line: 80
Info (286030): Timing-Driven Synthesis is running
Info (16010): Generating hard_block partition "hard_block:auto_generated_inst"
    Info (16011): Adding 0 node(s), including 0 DDIO, 0 PLL, 0 transceiver and 0 LCELL
Info (21057): Implemented 74 device resources after synthesis - the final resource count might be different
    Info (21058): Implemented 23 input pins
    Info (21059): Implemented 10 output pins
    Info (21061): Implemented 41 logic cells
Info: Quartus Prime Analysis & Synthesis was successful. 0 errors, 1 warning
    Info: Peak virtual memory: 4826 megabytes
    Info: Processing ended: Fri Oct 13 20:39:01 2023
    Info: Elapsed time: 00:00:10
    Info: Total CPU time (on all processors): 00:00:11


